Arguments: 
  /Users/takugi.nagano/.nodebrew/node/v6.5.0/bin/node /Users/takugi.nagano/.nodebrew/current/bin/yarn init

PATH: 
  /Users/takugi.nagano/.rbenv/shims:/Users/takugi.nagano/.nodebrew/current/bin:/usr/local/bin:/usr/bin:/bin:/usr/sbin:/sbin

Yarn version: 
  1.3.2

Node version: 
  6.5.0

Platform: 
  darwin x64

npm manifest: 
  {
    "name": "counter",
    "private": true,
    "scripts": {
      "start": "webpack-dev-server --progress --content-base public/"
    },
    "dependencies": {
      "react": "^16.2.0",
      "react-dom": "^16.2.0",
      "react-redux": "5.0.6",
      "redux": "3.7.2",
      "redux-logger": "3.0.6"
    },
    "devDependencies": {
      "@types/react": "^16.0.35",
      "@types/react-dom": "^16.0.3",
      "@types/react-redux": "^5.0.14",
      "@types/redux-logger": "^3.0.5",
      "ts-loader": "^3.2.0",
      "typescript": "^2.6.2",
      "webpack": "^3.10.0",
      "webpack-dev-server": "^2.11.1"
    }
  }

yarn manifest: 
  No manifest

Lockfile: 
  No lockfile

Trace: 
  Error: canceled
      at Interface.<anonymous> (/Users/takugi.nagano/.nodebrew/node/v6.5.0/lib/node_modules/yarn/lib/cli.js:121045:13)
      at emitNone (events.js:86:13)
      at Interface.emit (events.js:185:7)
      at Interface._ttyWrite (readline.js:715:16)
      at ReadStream.onkeypress (readline.js:119:10)
      at emitTwo (events.js:106:13)
      at ReadStream.emit (events.js:191:7)
      at emitKeys (internal/readline.js:389:14)
      at next (native)
      at ReadStream.onData (readline.js:955:36)
